<<<<<<< HEAD
--------------- 20-10-2016, 15:29:43 ---------------
| DC v0.7.4 beta Rev. 7058M -- i386-Win32-win32/win64
| Windows 7 SP1 x86_64
Unhandled exception: EAccessViolation: Access violation
  Stack trace:
  $0041FCAD in C:\Program Files\Double Commander\doublecmd.exe
  $0041FD8E in C:\Program Files\Double Commander\doublecmd.exe
  $00782FCF line 49, column 5 of filesources/uoperationthread.pas in C:\Program Files\Double Commander\doublecmd.exe
  $0041F795 in C:\Program Files\Double Commander\doublecmd.exe
  $004127EE in C:\Program Files\Double Commander\doublecmd.exe
  $74D8336A in C:\WINDOWS\syswow64\kernel32.dll
  $77109902 in C:\WINDOWS\SysWOW64\ntdll.dll
  $771098D5 in C:\WINDOWS\SysWOW64\ntdll.dll


--------------- 20-10-2016, 15:30:31 ---------------
| DC v0.7.4 beta Rev. 7058M -- i386-Win32-win32/win64
| Windows 7 SP1 x86_64
Unhandled exception: EAccessViolation: Access violation
  Stack trace:
  $0041FCAD in C:\Program Files\Double Commander\doublecmd.exe
  $0041FD8E in C:\Program Files\Double Commander\doublecmd.exe
  $00782FCF line 49, column 5 of filesources/uoperationthread.pas in C:\Program Files\Double Commander\doublecmd.exe
  $0041F795 in C:\Program Files\Double Commander\doublecmd.exe
  $004127EE in C:\Program Files\Double Commander\doublecmd.exe
  $74D8336A in C:\WINDOWS\syswow64\kernel32.dll
  $77109902 in C:\WINDOWS\SysWOW64\ntdll.dll
  $771098D5 in C:\WINDOWS\SysWOW64\ntdll.dll


--------------- 20-10-2016, 17:24:57 ---------------
| DC v0.7.4 beta Rev. 7058M -- i386-Win32-win32/win64
| Windows 7 SP1 x86_64
Unhandled exception: EAccessViolation: Access violation
  Stack trace:
  $6C000000 in C:\Program Files\Double Commander\doublecmd.exe
  $0044DA50 line 1113, column 3 of uglobs.pas in C:\Program Files\Double Commander\doublecmd.exe

--------------- 13-12-2016, 11:38:17 ---------------
| DC v0.7.4 beta Rev. 7058M -- i386-Win32-win32/win64
| Windows 7 SP1 x86_64
Unhandled exception: EFCreateError: Unable to create file "C:\Users\vanliw\AppData\Local\Temp\_dc~~~\Umlet\img\CfuContentFile.bin"
  Stack trace:
  $004195D1 in C:\Program Files\Double Commander\doublecmd.exe
  $004194B0 in C:\Program Files\Double Commander\doublecmd.exe
  $00419814 in C:\Program Files\Double Commander\doublecmd.exe
  $0073C91A line 1066, column 53 of platform/uOleDragDrop.pas in C:\Program Files\Double Commander\doublecmd.exe
  $0073CF01 line 1157, column 12 of platform/uOleDragDrop.pas in C:\Program Files\Double Commander\doublecmd.exe
  $0073C17C line 886, column 32 of platform/uOleDragDrop.pas in C:\Program Files\Double Commander\doublecmd.exe
  $74DF2D89 in C:\WINDOWS\syswow64\ole32.dll
  $75B05A4A in C:\WINDOWS\syswow64\RPCRT4.dll
  $75B805F1 in C:\WINDOWS\syswow64\RPCRT4.dll
  $74DFE7E6 in C:\WINDOWS\syswow64\ole32.dll
  $74DFE876 in C:\WINDOWS\syswow64\ole32.dll
  $74DFEDD0 in C:\WINDOWS\syswow64\ole32.dll
  $74D189EB in C:\WINDOWS\syswow64\ole32.dll
  $74D188E0 in C:\WINDOWS\syswow64\ole32.dll
  $74D194B2 in C:\WINDOWS\syswow64\ole32.dll
  $74DFECCD in C:\WINDOWS\syswow64\ole32.dll
  $74DFEB41 in C:\WINDOWS\syswow64\ole32.dll

=======
--------------- 20-10-2016, 15:29:43 ---------------
| DC v0.7.4 beta Rev. 7058M -- i386-Win32-win32/win64
| Windows 7 SP1 x86_64
Unhandled exception: EAccessViolation: Access violation
  Stack trace:
  $0041FCAD in C:\Program Files\Double Commander\doublecmd.exe
  $0041FD8E in C:\Program Files\Double Commander\doublecmd.exe
  $00782FCF line 49, column 5 of filesources/uoperationthread.pas in C:\Program Files\Double Commander\doublecmd.exe
  $0041F795 in C:\Program Files\Double Commander\doublecmd.exe
  $004127EE in C:\Program Files\Double Commander\doublecmd.exe
  $74D8336A in C:\WINDOWS\syswow64\kernel32.dll
  $77109902 in C:\WINDOWS\SysWOW64\ntdll.dll
  $771098D5 in C:\WINDOWS\SysWOW64\ntdll.dll


--------------- 20-10-2016, 15:30:31 ---------------
| DC v0.7.4 beta Rev. 7058M -- i386-Win32-win32/win64
| Windows 7 SP1 x86_64
Unhandled exception: EAccessViolation: Access violation
  Stack trace:
  $0041FCAD in C:\Program Files\Double Commander\doublecmd.exe
  $0041FD8E in C:\Program Files\Double Commander\doublecmd.exe
  $00782FCF line 49, column 5 of filesources/uoperationthread.pas in C:\Program Files\Double Commander\doublecmd.exe
  $0041F795 in C:\Program Files\Double Commander\doublecmd.exe
  $004127EE in C:\Program Files\Double Commander\doublecmd.exe
  $74D8336A in C:\WINDOWS\syswow64\kernel32.dll
  $77109902 in C:\WINDOWS\SysWOW64\ntdll.dll
  $771098D5 in C:\WINDOWS\SysWOW64\ntdll.dll


--------------- 20-10-2016, 17:24:57 ---------------
| DC v0.7.4 beta Rev. 7058M -- i386-Win32-win32/win64
| Windows 7 SP1 x86_64
Unhandled exception: EAccessViolation: Access violation
  Stack trace:
  $6C000000 in C:\Program Files\Double Commander\doublecmd.exe
  $0044DA50 line 1113, column 3 of uglobs.pas in C:\Program Files\Double Commander\doublecmd.exe

--------------- 13-12-2016, 11:38:17 ---------------
| DC v0.7.4 beta Rev. 7058M -- i386-Win32-win32/win64
| Windows 7 SP1 x86_64
Unhandled exception: EFCreateError: Unable to create file "C:\Users\vanliw\AppData\Local\Temp\_dc~~~\Umlet\img\CfuContentFile.bin"
  Stack trace:
  $004195D1 in C:\Program Files\Double Commander\doublecmd.exe
  $004194B0 in C:\Program Files\Double Commander\doublecmd.exe
  $00419814 in C:\Program Files\Double Commander\doublecmd.exe
  $0073C91A line 1066, column 53 of platform/uOleDragDrop.pas in C:\Program Files\Double Commander\doublecmd.exe
  $0073CF01 line 1157, column 12 of platform/uOleDragDrop.pas in C:\Program Files\Double Commander\doublecmd.exe
  $0073C17C line 886, column 32 of platform/uOleDragDrop.pas in C:\Program Files\Double Commander\doublecmd.exe
  $74DF2D89 in C:\WINDOWS\syswow64\ole32.dll
  $75B05A4A in C:\WINDOWS\syswow64\RPCRT4.dll
  $75B805F1 in C:\WINDOWS\syswow64\RPCRT4.dll
  $74DFE7E6 in C:\WINDOWS\syswow64\ole32.dll
  $74DFE876 in C:\WINDOWS\syswow64\ole32.dll
  $74DFEDD0 in C:\WINDOWS\syswow64\ole32.dll
  $74D189EB in C:\WINDOWS\syswow64\ole32.dll
  $74D188E0 in C:\WINDOWS\syswow64\ole32.dll
  $74D194B2 in C:\WINDOWS\syswow64\ole32.dll
  $74DFECCD in C:\WINDOWS\syswow64\ole32.dll
  $74DFEB41 in C:\WINDOWS\syswow64\ole32.dll

--------------- 29-04-2017, 18:43:00 ---------------
| DC v0.7.4 beta Rev. 7058M -- i386-Win32-win32/win64
| Windows 7 SP1 x86_64
Unhandled exception: Exception: Failed to create win32 control, error: 1400 : Invalid window handle.
  Stack trace:
  $005A5C35 in C:\Program Files\Double Commander\doublecmd.exe
  $005F2C6A in C:\Program Files\Double Commander\doublecmd.exe
  $0054CBDC in C:\Program Files\Double Commander\doublecmd.exe
  $00439354 in C:\Program Files\Double Commander\doublecmd.exe
  $0043FD17 in C:\Program Files\Double Commander\doublecmd.exe
  $00440C5A in C:\Program Files\Double Commander\doublecmd.exe
  $0054C5D6 in C:\Program Files\Double Commander\doublecmd.exe
  $0054D7D2 in C:\Program Files\Double Commander\doublecmd.exe
  $0054AFE2 in C:\Program Files\Double Commander\doublecmd.exe
  $00447162 in C:\Program Files\Double Commander\doublecmd.exe
  $00549E1E in C:\Program Files\Double Commander\doublecmd.exe
  $00549D39 in C:\Program Files\Double Commander\doublecmd.exe
  $0054C22C in C:\Program Files\Double Commander\doublecmd.exe
  $0040EB88 in C:\Program Files\Double Commander\doublecmd.exe
  $005493F4 in C:\Program Files\Double Commander\doublecmd.exe
  $005BE97C in C:\Program Files\Double Commander\doublecmd.exe
  $005B562F in C:\Program Files\Double Commander\doublecmd.exe

--------------- 29-04-2017, 18:43:17 ---------------
| DC v0.7.4 beta Rev. 7058M -- i386-Win32-win32/win64
| Windows 7 SP1 x86_64
Unhandled exception: Exception: Failed to create win32 control, error: 1400 : Invalid window handle.
  Stack trace:
  $005A5C35 in C:\Program Files\Double Commander\doublecmd.exe
  $005F2C6A in C:\Program Files\Double Commander\doublecmd.exe
  $0054CBDC in C:\Program Files\Double Commander\doublecmd.exe
  $00439354 in C:\Program Files\Double Commander\doublecmd.exe
  $0043FD17 in C:\Program Files\Double Commander\doublecmd.exe
  $00440C5A in C:\Program Files\Double Commander\doublecmd.exe
  $0054C5D6 in C:\Program Files\Double Commander\doublecmd.exe
  $0054D7D2 in C:\Program Files\Double Commander\doublecmd.exe
  $0054AFE2 in C:\Program Files\Double Commander\doublecmd.exe
  $00447162 in C:\Program Files\Double Commander\doublecmd.exe
  $00549E1E in C:\Program Files\Double Commander\doublecmd.exe
  $00549D39 in C:\Program Files\Double Commander\doublecmd.exe
  $0054C25C in C:\Program Files\Double Commander\doublecmd.exe
  $0040EB88 in C:\Program Files\Double Commander\doublecmd.exe
  $005493F4 in C:\Program Files\Double Commander\doublecmd.exe
  $005B562F in C:\Program Files\Double Commander\doublecmd.exe
  $0050D30A in C:\Program Files\Double Commander\doublecmd.exe

--------------- 22-05-2017, 12:06:55 ---------------
| DC v0.7.4 beta Rev. 7058M -- i386-Win32-win32/win64
| Windows 7 SP1 x86_64
Unhandled exception: EFileNotFound: File "e:\DCIM\107_PANA\_1070801.JPG" not found.
  Stack trace:
  $00657332 line 361, column 17 of filesources/filesystem/ufilesystemfilesource.pas in C:\Program Files\Double Commander\doublecmd.exe
  $007D4037 line 306, column 12 of uthumbnails.pas in C:\Program Files\Double Commander\doublecmd.exe
  $0076DA9D line 806, column 39 of fviewer.pas in C:\Program Files\Double Commander\doublecmd.exe
  $0076DC32 line 831, column 6 of fviewer.pas in C:\Program Files\Double Commander\doublecmd.exe
  $00576888 in C:\Program Files\Double Commander\doublecmd.exe
  $00576EB1 in C:\Program Files\Double Commander\doublecmd.exe
  $0040EB88 in C:\Program Files\Double Commander\doublecmd.exe
  $0050D9EB in C:\Program Files\Double Commander\doublecmd.exe
  $005F290A in C:\Program Files\Double Commander\doublecmd.exe
  $756B62FA in C:\WINDOWS\syswow64\USER32.dll
  $756B6D3A in C:\WINDOWS\syswow64\USER32.dll
  $756B77C4 in C:\WINDOWS\syswow64\USER32.dll
  $756B788A in C:\WINDOWS\syswow64\USER32.dll
  $0050E6B3 in C:\Program Files\Double Commander\doublecmd.exe
  $00445C7D in C:\Program Files\Double Commander\doublecmd.exe
  $004460BF in C:\Program Files\Double Commander\doublecmd.exe
  $0047B492 in C:\Program Files\Double Commander\doublecmd.exe

--------------- 06-07-2017, 12:02:24 ---------------
| DC v0.7.8 beta Rev. 7400M -- x86_64-Win64-win32/win64
| Windows 7 SP1 x86_64 | PID 8276
Unhandled exception: EAccessViolation: Access violation
  Stack trace:
  $0000000000000000 in C:\Program Files\Double Commander\doublecmd.exe
  $000000010000FE30 in C:\Program Files\Double Commander\doublecmd.exe
  $0000000100386230 line 768, column 27 of uwfxmodule.pas in C:\Program Files\Double Commander\doublecmd.exe
  $000000010000FE30 in C:\Program Files\Double Commander\doublecmd.exe
  $000000010001B863 line 857, column 13 of lclproc.pas in C:\Program Files\Double Commander\doublecmd.exe
  $000000010005C9B8 line 1112, column 3 of uglobs.pas in C:\Program Files\Double Commander\doublecmd.exe
  $000000010006676A line 3113, column 3 of uglobs.pas in C:\Program Files\Double Commander\doublecmd.exe
  $000000010001221A in C:\Program Files\Double Commander\doublecmd.exe
  $00000001000123C8 in C:\Program Files\Double Commander\doublecmd.exe
  $000000010001258A in C:\Program Files\Double Commander\doublecmd.exe
  $0000000100003BAC line 219, column 1 of doublecmd.lpr in C:\Program Files\Double Commander\doublecmd.exe
  $0000000100003BC6 line 219, column 1 of doublecmd.lpr in C:\Program Files\Double Commander\doublecmd.exe
  $0000000100018203 in C:\Program Files\Double Commander\doublecmd.exe
  $0000000100018B36 in C:\Program Files\Double Commander\doublecmd.exe
  $00000000778959CD in C:\WINDOWS\system32\kernel32.dll
  $0000000077ACA561 in C:\WINDOWS\SYSTEM32\ntdll.dll

--------------- 01-02-2018, 10:09:21 ---------------
| DC v0.7.8 beta Rev. 7400M -- x86_64-Win64-win32/win64
| Windows 7 SP1 x86_64 | PID 5924
Unhandled exception: EDivByZero: Division by zero
  Stack trace:
  $000000010001BA96 line 902, column 7 of lclproc.pas in C:\Program Files\Double Commander\doublecmd.exe
  $0000000100191985 line 733, column 83 of include/control.inc in C:\Program Files\Double Commander\doublecmd.exe
  $00000001001915E5 line 738, column 5 of include/control.inc in C:\Program Files\Double Commander\doublecmd.exe
  $0000000100190FB6 line 679, column 3 of include/control.inc in C:\Program Files\Double Commander\doublecmd.exe
  $00000001001981C3 line 3687, column 3 of include/control.inc in C:\Program Files\Double Commander\doublecmd.exe
  $0000000100435106 line 1841, column 3 of fviewer.pas in C:\Program Files\Double Commander\doublecmd.exe
  $00000001004324B9 line 1199, column 6 of fviewer.pas in C:\Program Files\Double Commander\doublecmd.exe
  $0000000100192A24 line 1221, column 24 of include/control.inc in C:\Program Files\Double Commander\doublecmd.exe
  $0000000100197A81 line 3501, column 5 of include/control.inc in C:\Program Files\Double Commander\doublecmd.exe
  $0000000100195F98 line 2885, column 5 of include/control.inc in C:\Program Files\Double Commander\doublecmd.exe
  $0000000100195F7E line 2879, column 56 of include/control.inc in C:\Program Files\Double Commander\doublecmd.exe
  $0000000100195E48 line 2910, column 9 of include/control.inc in C:\Program Files\Double Commander\doublecmd.exe
  $0000000100185179 line 3523, column 7 of include/wincontrol.inc in C:\Program Files\Double Commander\doublecmd.exe
  $000000010019C85E line 5463, column 7 of include/control.inc in C:\Program Files\Double Commander\doublecmd.exe
  $0000000100199E75 line 4299, column 7 of include/control.inc in C:\Program Files\Double Commander\doublecmd.exe
  $0000000100199FAC line 4273, column 5 of include/control.inc in C:\Program Files\Double Commander\doublecmd.exe
  $0000000100046F20 line 487, column 5 of include/customform.inc in C:\Program Files\Double Commander\doublecmd.exe

>>>>>>> Initial commit from my Z-book
